<?xml version="1.0" encoding="UTF-8"?>
<!-- Generated by org.testng.reporters.JUnitReportReporter -->
<testsuite skipped="0" hostname="DBHOMEHP" name="com.nopcommerce.demo.testsuit.ElectronicTest" tests="1" failures="0" timestamp="2022-12-14T00:25:36 GMT" time="75.125" errors="1">
  <testcase name="verifyThatTheProductAddedSuccessfullyAndPlaceOrderSuccessfully" time="75.125" classname="com.nopcommerce.demo.testsuit.ElectronicTest">
    <error type="org.openqa.selenium.NoSuchElementException" message="no such element: Unable to locate element: {&quot;method&quot;:&quot;css selector&quot;,&quot;selector&quot;:&quot;*[name=&#039;BillingNewAddress_PhoneNumber&#039;]&quot;}
  (Session info: chrome=108.0.5359.99)
For documentation on this error, please visit: https://selenium.dev/exceptions/#no_such_element
Build info: version: &#039;4.6.0&#039;, revision: &#039;79f1c02ae20&#039;
System info: os.name: &#039;Windows 10&#039;, os.arch: &#039;amd64&#039;, os.version: &#039;10.0&#039;, java.version: &#039;1.8.0_121&#039;
Driver info: org.openqa.selenium.chrome.ChromeDriver
Command: [259bf754f7ba3046433b48aa204671fa, findElement {using=name, value=BillingNewAddress_PhoneNumber}]
Capabilities {acceptInsecureCerts: false, browserName: chrome, browserVersion: 108.0.5359.99, chrome: {chromedriverVersion: 108.0.5359.71 (1e0e3868ee06..., userDataDir: C:\Users\viral\AppData\Loca...}, goog:chromeOptions: {debuggerAddress: localhost:55165}, networkConnectionEnabled: false, pageLoadStrategy: normal, platformName: WINDOWS, proxy: Proxy(), se:cdp: ws://localhost:55165/devtoo..., se:cdpVersion: 108.0.5359.99, setWindowRect: true, strictFileInteractability: false, timeouts: {implicit: 0, pageLoad: 300000, script: 30000}, unhandledPromptBehavior: dismiss and notify, webauthn:extension:credBlob: true, webauthn:extension:largeBlob: true, webauthn:virtualAuthenticators: true}
Session ID: 259bf754f7ba3046433b48aa204671fa">
      <![CDATA[org.openqa.selenium.NoSuchElementException: no such element: Unable to locate element: {"method":"css selector","selector":"*[name='BillingNewAddress_PhoneNumber']"}
  (Session info: chrome=108.0.5359.99)
For documentation on this error, please visit: https://selenium.dev/exceptions/#no_such_element
Build info: version: '4.6.0', revision: '79f1c02ae20'
System info: os.name: 'Windows 10', os.arch: 'amd64', os.version: '10.0', java.version: '1.8.0_121'
Driver info: org.openqa.selenium.chrome.ChromeDriver
Command: [259bf754f7ba3046433b48aa204671fa, findElement {using=name, value=BillingNewAddress_PhoneNumber}]
Capabilities {acceptInsecureCerts: false, browserName: chrome, browserVersion: 108.0.5359.99, chrome: {chromedriverVersion: 108.0.5359.71 (1e0e3868ee06..., userDataDir: C:\Users\viral\AppData\Loca...}, goog:chromeOptions: {debuggerAddress: localhost:55165}, networkConnectionEnabled: false, pageLoadStrategy: normal, platformName: WINDOWS, proxy: Proxy(), se:cdp: ws://localhost:55165/devtoo..., se:cdpVersion: 108.0.5359.99, setWindowRect: true, strictFileInteractability: false, timeouts: {implicit: 0, pageLoad: 300000, script: 30000}, unhandledPromptBehavior: dismiss and notify, webauthn:extension:credBlob: true, webauthn:extension:largeBlob: true, webauthn:virtualAuthenticators: true}
Session ID: 259bf754f7ba3046433b48aa204671fa
at sun.reflect.NativeConstructorAccessorImpl.newInstance0(Native Method)
at sun.reflect.NativeConstructorAccessorImpl.newInstance(NativeConstructorAccessorImpl.java:62)
at sun.reflect.DelegatingConstructorAccessorImpl.newInstance(DelegatingConstructorAccessorImpl.java:45)
at java.lang.reflect.Constructor.newInstance(Constructor.java:423)
at org.openqa.selenium.remote.codec.w3c.W3CHttpResponseCodec.createException(W3CHttpResponseCodec.java:200)
at org.openqa.selenium.remote.codec.w3c.W3CHttpResponseCodec.decode(W3CHttpResponseCodec.java:133)
at org.openqa.selenium.remote.codec.w3c.W3CHttpResponseCodec.decode(W3CHttpResponseCodec.java:53)
at org.openqa.selenium.remote.HttpCommandExecutor.execute(HttpCommandExecutor.java:184)
at org.openqa.selenium.remote.service.DriverCommandExecutor.invokeExecute(DriverCommandExecutor.java:167)
at org.openqa.selenium.remote.service.DriverCommandExecutor.execute(DriverCommandExecutor.java:142)
at org.openqa.selenium.remote.RemoteWebDriver.execute(RemoteWebDriver.java:541)
at org.openqa.selenium.remote.ElementLocation$ElementFinder$2.findElement(ElementLocation.java:162)
at org.openqa.selenium.remote.ElementLocation.findElement(ElementLocation.java:60)
at org.openqa.selenium.remote.RemoteWebDriver.findElement(RemoteWebDriver.java:365)
at org.openqa.selenium.remote.RemoteWebDriver.findElement(RemoteWebDriver.java:357)
at org.openqa.selenium.support.pagefactory.DefaultElementLocator.findElement(DefaultElementLocator.java:70)
at org.openqa.selenium.support.pagefactory.internal.LocatingElementHandler.invoke(LocatingElementHandler.java:39)
at com.sun.proxy.$Proxy15.click(Unknown Source)
at com.nopcommerce.demo.utility.Utility.clickOnElement(Utility.java:51)
at com.nopcommerce.demo.pages.ComputerPage.fillAllMandatoryField(ComputerPage.java:387)
at com.nopcommerce.demo.testsuit.ElectronicTest.verifyThatTheProductAddedSuccessfullyAndPlaceOrderSuccessfully(ElectronicTest.java:47)
at sun.reflect.NativeMethodAccessorImpl.invoke0(Native Method)
at sun.reflect.NativeMethodAccessorImpl.invoke(NativeMethodAccessorImpl.java:62)
at sun.reflect.DelegatingMethodAccessorImpl.invoke(DelegatingMethodAccessorImpl.java:43)
at java.lang.reflect.Method.invoke(Method.java:498)
at org.testng.internal.invokers.MethodInvocationHelper.invokeMethod(MethodInvocationHelper.java:135)
at org.testng.internal.invokers.TestInvoker.invokeMethod(TestInvoker.java:673)
at org.testng.internal.invokers.TestInvoker.invokeTestMethod(TestInvoker.java:220)
at org.testng.internal.invokers.MethodRunner.runInSequence(MethodRunner.java:50)
at org.testng.internal.invokers.TestInvoker$MethodInvocationAgent.invoke(TestInvoker.java:945)
at org.testng.internal.invokers.TestInvoker.invokeTestMethods(TestInvoker.java:193)
at org.testng.internal.invokers.TestMethodWorker.invokeTestMethods(TestMethodWorker.java:146)
at org.testng.internal.invokers.TestMethodWorker.run(TestMethodWorker.java:128)
at java.util.ArrayList.forEach(ArrayList.java:1249)
at org.testng.TestRunner.privateRun(TestRunner.java:808)
at org.testng.TestRunner.run(TestRunner.java:603)
at org.testng.SuiteRunner.runTest(SuiteRunner.java:429)
at org.testng.SuiteRunner.runSequentially(SuiteRunner.java:423)
at org.testng.SuiteRunner.privateRun(SuiteRunner.java:383)
at org.testng.SuiteRunner.run(SuiteRunner.java:326)
at org.testng.SuiteRunnerWorker.runSuite(SuiteRunnerWorker.java:52)
at org.testng.SuiteRunnerWorker.run(SuiteRunnerWorker.java:95)
at org.testng.TestNG.runSuitesSequentially(TestNG.java:1249)
at org.testng.TestNG.runSuitesLocally(TestNG.java:1169)
at org.testng.TestNG.runSuites(TestNG.java:1092)
at org.testng.TestNG.run(TestNG.java:1060)
at com.intellij.rt.testng.IDEARemoteTestNG.run(IDEARemoteTestNG.java:66)
at com.intellij.rt.testng.RemoteTestNGStarter.main(RemoteTestNGStarter.java:109)
]]>
    </error>
  </testcase> <!-- verifyThatTheProductAddedSuccessfullyAndPlaceOrderSuccessfully -->
  <system-out>
    <![CDATA[mouse hover to electronic page[[ChromeDriver: chrome on WINDOWS (259bf754f7ba3046433b48aa204671fa)] -> link text: Electronics]
click on cell phone page[[ChromeDriver: chrome on WINDOWS (259bf754f7ba3046433b48aa204671fa)] -> link text: Cell phones]
get text from cell phone[[ChromeDriver: chrome on WINDOWS (259bf754f7ba3046433b48aa204671fa)] -> xpath: //h1[contains(text(),'Cell phones')]]
click on list [[ChromeDriver: chrome on WINDOWS (259bf754f7ba3046433b48aa204671fa)] -> xpath: //a[contains(text(),'List')]]
click o nokia lumia[[ChromeDriver: chrome on WINDOWS (259bf754f7ba3046433b48aa204671fa)] -> link text: Nokia Lumia 1020]
verify text nokia lumia[[ChromeDriver: chrome on WINDOWS (259bf754f7ba3046433b48aa204671fa)] -> xpath: //h1[contains(text(),'Nokia Lumia 1020')]]
get text from electronic page[[ChromeDriver: chrome on WINDOWS (259bf754f7ba3046433b48aa204671fa)] -> link text: Electronics]
update qty[[ChromeDriver: chrome on WINDOWS (259bf754f7ba3046433b48aa204671fa)] -> id: product_enteredQuantity_20]
click on add to cart[[ChromeDriver: chrome on WINDOWS (259bf754f7ba3046433b48aa204671fa)] -> id: add-to-cart-button-20]
click on close message bar[[ChromeDriver: chrome on WINDOWS (259bf754f7ba3046433b48aa204671fa)] -> xpath: //span[@class='close']]
click on go cart[[ChromeDriver: chrome on WINDOWS (259bf754f7ba3046433b48aa204671fa)] -> xpath: //button[contains(text(),'Go to cart')]]
verify price[[ChromeDriver: chrome on WINDOWS (259bf754f7ba3046433b48aa204671fa)] -> xpath: //span[@class='value-summary']/strong]
accept terms and condition[[ChromeDriver: chrome on WINDOWS (259bf754f7ba3046433b48aa204671fa)] -> id: termsofservice]
click on Checkout[[ChromeDriver: chrome on WINDOWS (259bf754f7ba3046433b48aa204671fa)] -> id: checkout]
verify welcome sign in message[[ChromeDriver: chrome on WINDOWS (259bf754f7ba3046433b48aa204671fa)] -> xpath: //h1[contains(text(),'Welcome, Please Sign In!')]]
click on register link[[ChromeDriver: chrome on WINDOWS (259bf754f7ba3046433b48aa204671fa)] -> xpath: //button[contains(text(),'Register')]]
Click on gender[[ChromeDriver: chrome on WINDOWS (259bf754f7ba3046433b48aa204671fa)] -> id: gender-male]
enter first name[[ChromeDriver: chrome on WINDOWS (259bf754f7ba3046433b48aa204671fa)] -> id: FirstName]
enter last Name[[ChromeDriver: chrome on WINDOWS (259bf754f7ba3046433b48aa204671fa)] -> id: LastName]
select birth day[[ChromeDriver: chrome on WINDOWS (259bf754f7ba3046433b48aa204671fa)] -> xpath: //select[@name='DateOfBirthDay']]
select birth month[[ChromeDriver: chrome on WINDOWS (259bf754f7ba3046433b48aa204671fa)] -> xpath: //select[@name='DateOfBirthMonth']]
select birth Year[[ChromeDriver: chrome on WINDOWS (259bf754f7ba3046433b48aa204671fa)] -> xpath: //select[@name='DateOfBirthYear']]
enter email id[[ChromeDriver: chrome on WINDOWS (259bf754f7ba3046433b48aa204671fa)] -> id: Email]
enter company name[[ChromeDriver: chrome on WINDOWS (259bf754f7ba3046433b48aa204671fa)] -> id: Company]
enter password[[ChromeDriver: chrome on WINDOWS (259bf754f7ba3046433b48aa204671fa)] -> id: Password]
enter confirm password[[ChromeDriver: chrome on WINDOWS (259bf754f7ba3046433b48aa204671fa)] -> id: ConfirmPassword]
click on register link[[ChromeDriver: chrome on WINDOWS (259bf754f7ba3046433b48aa204671fa)] -> id: register-button]
verify register complete[[ChromeDriver: chrome on WINDOWS (259bf754f7ba3046433b48aa204671fa)] -> xpath: //div[@class='result']]
click on continue after register complete[[ChromeDriver: chrome on WINDOWS (259bf754f7ba3046433b48aa204671fa)] -> xpath: //div[@class='buttons']/a]
verify shopping cart[[ChromeDriver: chrome on WINDOWS (259bf754f7ba3046433b48aa204671fa)] -> xpath: //h1[contains(text(),'Shopping cart')]]
click on terms and condition[[ChromeDriver: chrome on WINDOWS (259bf754f7ba3046433b48aa204671fa)] -> id: termsofservice]
click on check out[[ChromeDriver: chrome on WINDOWS (259bf754f7ba3046433b48aa204671fa)] -> id: checkout]
Mandatory name [[ChromeDriver: chrome on WINDOWS (259bf754f7ba3046433b48aa204671fa)] -> id: BillingNewAddress_FirstName]
Mandatory  LAst name [[ChromeDriver: chrome on WINDOWS (259bf754f7ba3046433b48aa204671fa)] -> id: BillingNewAddress_LastName]
Mandatory Email [[ChromeDriver: chrome on WINDOWS (259bf754f7ba3046433b48aa204671fa)] -> id: BillingNewAddress_Email]
Mandatory Country[[ChromeDriver: chrome on WINDOWS (259bf754f7ba3046433b48aa204671fa)] -> id: BillingNewAddress_CountryId]
Mandatory State [[ChromeDriver: chrome on WINDOWS (259bf754f7ba3046433b48aa204671fa)] -> id: BillingNewAddress_StateProvinceId]
Mandatory City [[ChromeDriver: chrome on WINDOWS (259bf754f7ba3046433b48aa204671fa)] -> id: BillingNewAddress_City]
Mandatory Address[[ChromeDriver: chrome on WINDOWS (259bf754f7ba3046433b48aa204671fa)] -> xpath: //input[@id='BillingNewAddress_Address1']]
Mandatory Postal Code[[ChromeDriver: chrome on WINDOWS (259bf754f7ba3046433b48aa204671fa)] -> id: BillingNewAddress_ZipPostalCode]
Mandatory Phone number [[ChromeDriver: chrome on WINDOWS (259bf754f7ba3046433b48aa204671fa)] -> id: BillingNewAddress_PhoneNumber]
Click on continue Proxy element for: DefaultElementLocator 'By.name: BillingNewAddress_PhoneNumber'
Click to see screenshot
<a target = "_blank" href=C:\Users\viral\IdeaProjects\nopcommerce-pagefactory/test-output/html/verifyThatTheProductAddedSuccessfullyAndPlaceOrderSuccessfullyWed_Dec_14_00_24_22_GMT_2022.jpg>Screenshot</a>
<br>
<br>
<a target = "_blank" href=C:\Users\viral\IdeaProjects\nopcommerce-pagefactory/test-output/html/verifyThatTheProductAddedSuccessfullyAndPlaceOrderSuccessfullyWed_Dec_14_00_24_22_GMT_2022.jpg><img src=C:\Users\viral\IdeaProjects\nopcommerce-pagefactory/test-output/html/verifyThatTheProductAddedSuccessfullyAndPlaceOrderSuccessfullyWed_Dec_14_00_24_22_GMT_2022.jpg height=200 width=200></img></a>]]>
  </system-out>
</testsuite> <!-- com.nopcommerce.demo.testsuit.ElectronicTest -->
