<?xml version="1.0" encoding="UTF-8"?>
<!-- Generated by org.testng.reporters.JUnitReportReporter -->
<testsuite skipped="0" hostname="DBHOMEHP" name="com.nopcommerce.demo.testsuit.LoginTest" tests="1" failures="0" timestamp="2022-12-14T00:25:36 GMT" time="4.772" errors="0">
  <testcase name="verifyErrorMessageWithInvalidCredential" time="4.772" classname="com.nopcommerce.demo.testsuit.LoginTest"/>
  <system-out>
    <![CDATA[click on login link[[ChromeDriver: chrome on WINDOWS (0950250e770515e76900842c12811602)] -> link text: Log in]
enter email [[ChromeDriver: chrome on WINDOWS (0950250e770515e76900842c12811602)] -> id: Email]
enter password [[ChromeDriver: chrome on WINDOWS (0950250e770515e76900842c12811602)] -> name: Password]
click on login button[[ChromeDriver: chrome on WINDOWS (0950250e770515e76900842c12811602)] -> xpath: //button[contains(text(),'Log in')]]
verify error message[[ChromeDriver: chrome on WINDOWS (0950250e770515e76900842c12811602)] -> xpath: //div[@class='message-error validation-summary-errors']]]]>
  </system-out>
</testsuite> <!-- com.nopcommerce.demo.testsuit.LoginTest -->
